<?xml version="1.0" encoding="UTF-8" ?>
<testsuite tests="107" failures="0" name="TestSuite" time="61.082" errors="0" skipped="0">
  <properties>
    <property name="java.vendor" value="Oracle Corporation"/>
    <property name="JOB_NAME" value="thepopple"/>
    <property name="PWD" value="/var/lib/jenkins"/>
    <property name="sun.java.launcher" value="SUN_STANDARD"/>
    <property name="sun.management.compiler" value="HotSpot 64-Bit Tiered Compilers"/>
    <property name="JENKINS_HOME" value="/var/lib/jenkins"/>
    <property name="PATH" value="/usr/local/bin:/usr/bin:/bin:/usr/local/games:/usr/games:/snap/bin:/usr/lib/jvm/java-8-oracle/bin:/usr/lib/jvm/java-8-oracle/db/bin:/usr/lib/jvm/java-8-oracle/jre/bin"/>
    <property name="HUDSON_SERVER_COOKIE" value="3dfafa366dd9444c"/>
    <property name="POM_ARTIFACTID" value="Thepopple"/>
    <property name="os.name" value="Linux"/>
    <property name="sun.boot.class.path" value="/usr/lib/jvm/java-8-oracle/jre/lib/resources.jar:/usr/lib/jvm/java-8-oracle/jre/lib/rt.jar:/usr/lib/jvm/java-8-oracle/jre/lib/sunrsasign.jar:/usr/lib/jvm/java-8-oracle/jre/lib/jsse.jar:/usr/lib/jvm/java-8-oracle/jre/lib/jce.jar:/usr/lib/jvm/java-8-oracle/jre/lib/charsets.jar:/usr/lib/jvm/java-8-oracle/jre/lib/jfr.jar:/usr/lib/jvm/java-8-oracle/jre/classes"/>
    <property name="EXECUTOR_NUMBER" value="1"/>
    <property name="XDG_DATA_DIRS" value="/usr/local/share:/usr/share:/var/lib/snapd/desktop"/>
    <property name="java.vm.specification.vendor" value="Oracle Corporation"/>
    <property name="POM_DISPLAYNAME" value="Thepopple"/>
    <property name="XDG_RUNTIME_DIR" value="/run/user/112"/>
    <property name="NODE_LABELS" value="master"/>
    <property name="java.runtime.version" value="1.8.0_191-b12"/>
    <property name="user.name" value="jenkins"/>
    <property name="guice.disable.misplaced.annotation.check" value="true"/>
    <property name="user.language" value="en"/>
    <property name="JOB_BASE_NAME" value="thepopple"/>
    <property name="RUN_CHANGES_DISPLAY_URL" value="http://54.87.165.15:8080/job/thepopple/78/display/redirect?page=changes"/>
    <property name="BUILD_DISPLAY_NAME" value="#78"/>
    <property name="sun.boot.library.path" value="/usr/lib/jvm/java-8-oracle/jre/lib/amd64"/>
    <property name="java.version" value="1.8.0_191"/>
    <property name="user.timezone" value="Etc/UTC"/>
    <property name="sun.arch.data.model" value="64"/>
    <property name="NODE_NAME" value="master"/>
    <property name="java.endorsed.dirs" value="/usr/lib/jvm/java-8-oracle/jre/lib/endorsed"/>
    <property name="BUILD_ID" value="78"/>
    <property name="sun.cpu.isalist" value=""/>
    <property name="sun.jnu.encoding" value="UTF-8"/>
    <property name="file.encoding.pkg" value="sun.io"/>
    <property name="SHELL" value="/bin/bash"/>
    <property name="file.separator" value="/"/>
    <property name="java.specification.name" value="Java Platform API Specification"/>
    <property name="maven.conf" value="/var/lib/jenkins/tools/hudson.tasks.Maven_MavenInstallation/_var_www_html_pop_jen_Thepopple_pom.xml/conf"/>
    <property name="J2SDKDIR" value="/usr/lib/jvm/java-8-oracle"/>
    <property name="DERBY_HOME" value="/usr/lib/jvm/java-8-oracle/db"/>
    <property name="java.class.version" value="52.0"/>
    <property name="org.slf4j.simpleLogger.defaultLogLevel" value="info"/>
    <property name="securerandom.source" value="file:/dev/./urandom"/>
    <property name="java.home" value="/usr/lib/jvm/java-8-oracle/jre"/>
    <property name="java.vm.info" value="mixed mode"/>
    <property name="os.version" value="4.15.0-1029-aws"/>
    <property name="RUN_DISPLAY_URL" value="http://54.87.165.15:8080/job/thepopple/78/display/redirect"/>
    <property name="POM_VERSION" value="0.0.1-SNAPSHOT"/>
    <property name="sun.font.fontmanager" value="sun.awt.X11FontManager"/>
    <property name="path.separator" value=":"/>
    <property name="java.vm.version" value="25.191-b12"/>
    <property name="JOB_DISPLAY_URL" value="http://54.87.165.15:8080/job/thepopple/display/redirect"/>
    <property name="SHLVL" value="1"/>
    <property name="_" value="/usr/bin/daemon"/>
    <property name="java.awt.printerjob" value="sun.print.PSPrinterJob"/>
    <property name="JAVA_HOME" value="/usr/lib/jvm/java-8-oracle"/>
    <property name="sun.io.unicode.encoding" value="UnicodeLittle"/>
    <property name="awt.toolkit" value="sun.awt.X11.XToolkit"/>
    <property name="J2REDIR" value="/usr/lib/jvm/java-8-oracle/jre"/>
    <property name="LOGNAME" value="jenkins"/>
    <property name="POM_PACKAGING" value="jar"/>
    <property name="HOME" value="/var/lib/jenkins"/>
    <property name="POM_GROUPID" value="Thepopple"/>
    <property name="user.home" value="/var/lib/jenkins"/>
    <property name="BUILD_TAG" value="jenkins-thepopple-78"/>
    <property name="JENKINS_SERVER_COOKIE" value="3dfafa366dd9444c"/>
    <property name="HUDSON_URL" value="http://54.87.165.15:8080/"/>
    <property name="DBUS_SESSION_BUS_ADDRESS" value="unix:path=/run/user/112/bus"/>
    <property name="java.specification.vendor" value="Oracle Corporation"/>
    <property name="XDG_SESSION_ID" value="c3"/>
    <property name="CLASSPATH" value=""/>
    <property name="java.vendor.url" value="http://java.oracle.com/"/>
    <property name="java.library.path" value="/usr/java/packages/lib/amd64:/usr/lib64:/lib64:/lib:/usr/lib"/>
    <property name="java.vm.vendor" value="Oracle Corporation"/>
    <property name="java.runtime.name" value="Java(TM) SE Runtime Environment"/>
    <property name="maven.home" value="/var/lib/jenkins/tools/hudson.tasks.Maven_MavenInstallation/_var_www_html_pop_jen_Thepopple_pom.xml"/>
    <property name="java.class.path" value="/var/lib/jenkins/plugins/maven-plugin/WEB-INF/lib/maven35-agent-1.12-alpha-1.jar:/var/lib/jenkins/tools/hudson.tasks.Maven_MavenInstallation/_var_www_html_pop_jen_Thepopple_pom.xml/boot/plexus-classworlds-2.5.2.jar:/var/lib/jenkins/tools/hudson.tasks.Maven_MavenInstallation/_var_www_html_pop_jen_Thepopple_pom.xml/conf/logging"/>
    <property name="sun.java.command" value="jenkins.maven3.agent.Maven35Main /var/lib/jenkins/tools/hudson.tasks.Maven_MavenInstallation/_var_www_html_pop_jen_Thepopple_pom.xml /var/cache/jenkins/war/WEB-INF/lib/remoting-3.27.jar /var/lib/jenkins/plugins/maven-plugin/WEB-INF/lib/maven35-interceptor-1.12-alpha-1.jar /var/lib/jenkins/plugins/maven-plugin/WEB-INF/lib/maven3-interceptor-commons-1.12-alpha-1.jar 43169"/>
    <property name="java.vm.specification.name" value="Java Virtual Machine Specification"/>
    <property name="java.vm.specification.version" value="1.8"/>
    <property name="sun.os.patch.level" value="unknown"/>
    <property name="sun.cpu.endian" value="little"/>
    <property name="M2_HOME" value="/var/lib/jenkins/tools/hudson.tasks.Maven_MavenInstallation/_var_www_html_pop_jen_Thepopple_pom.xml"/>
    <property name="MAIL" value="/var/mail/jenkins"/>
    <property name="java.io.tmpdir" value="/tmp"/>
    <property name="HUDSON_HOME" value="/var/lib/jenkins"/>
    <property name="PATH+MAVEN" value="/var/lib/jenkins/tools/hudson.tasks.Maven_MavenInstallation/_var_www_html_pop_jen_Thepopple_pom.xml/bin"/>
    <property name="BUILD_URL" value="http://54.87.165.15:8080/job/thepopple/78/"/>
    <property name="java.vendor.url.bug" value="http://bugreport.sun.com/bugreport/"/>
    <property name="java.awt.graphicsenv" value="sun.awt.X11GraphicsEnvironment"/>
    <property name="os.arch" value="amd64"/>
    <property name="java.ext.dirs" value="/usr/lib/jvm/java-8-oracle/jre/lib/ext:/usr/java/packages/lib/ext"/>
    <property name="user.dir" value="/var/www/html/pop_jen/Thepopple"/>
    <property name="JOB_URL" value="http://54.87.165.15:8080/job/thepopple/"/>
    <property name="line.separator" value="
"/>
    <property name="MAVEN_HOME" value="/var/lib/jenkins/tools/hudson.tasks.Maven_MavenInstallation/_var_www_html_pop_jen_Thepopple_pom.xml"/>
    <property name="java.vm.name" value="Java HotSpot(TM) 64-Bit Server VM"/>
    <property name="BUILD_NUMBER" value="78"/>
    <property name="JENKINS_URL" value="http://54.87.165.15:8080/"/>
    <property name="file.encoding" value="UTF-8"/>
    <property name="LANG" value="C.UTF-8"/>
    <property name="maven3.interceptor" value="/var/lib/jenkins/plugins/maven-plugin/WEB-INF/lib/maven35-interceptor-1.12-alpha-1.jar"/>
    <property name="WORKSPACE" value="/var/www/html/pop_jen/Thepopple"/>
    <property name="maven3.interceptor.common" value="/var/lib/jenkins/plugins/maven-plugin/WEB-INF/lib/maven3-interceptor-commons-1.12-alpha-1.jar"/>
    <property name="java.specification.version" value="1.8"/>
    <property name="USER" value="jenkins"/>
  </properties>
  <testcase classname="PoppleTestCases.CaptureAndParsingHarFileForPixPngTest" name="OpenGoogleappsHar_analyzer" time="2.522"/>
  <testcase classname="PoppleTestCases.CaptureAndParsingHarFileForPixPngTest" name="CheckGMTValue" time="0.058"/>
  <testcase classname="PoppleTestCases.CaptureAndParsingHarFileForPixPngTest" name="Checkvisit_blockValue" time="0.038"/>
  <testcase classname="PoppleTestCases.CaptureAndParsingHarFileForPixPngTest" name="Checkcountry_codeValue" time="0.047"/>
  <testcase classname="PoppleTestCases.CaptureAndParsingHarFileForPixPngTest" name="Checklanguage_EnglishValue" time="0.04"/>
  <testcase classname="PoppleTestCases.CaptureAndParsingHarFileForPixPngTest" name="Checkcategory_peopleValue" time="0.041"/>
  <testcase classname="PoppleTestCases.CaptureAndParsingHarFileForPixPngTest" name="Checkwriter_nameValue" time="0.036"/>
  <testcase classname="PoppleTestCases.CaptureAndParsingHarFileForPixPngTest" name="Checkwriter_idValue" time="0.038"/>
  <testcase classname="PoppleTestCases.CaptureAndParsingHarFileForPixPngTest" name="Checkcategory_idValue" time="0.032"/>
  <testcase classname="PoppleTestCases.CaptureAndParsingHarFileForPixPngTest" name="Checkstory_idValue" time="0.05"/>
  <testcase classname="PoppleTestCases.CaptureAndParsingHarFileForPixPngTest" name="Checkgoogle_entitiesValue" time="0.049"/>
  <testcase classname="PoppleTestCases.CaptureAndParsingHarFileForPixPngTest" name="Checkpage_typeValue" time="0.043"/>
  <testcase classname="PoppleTestCases.CaptureAndParsingHarFileForPixPngTest" name="CheckcityValue" time="0.034"/>
  <testcase classname="PoppleTestCases.CaptureAndParsingHarFileForPixPngTest" name="Checkcountry_nameValue" time="0.037"/>
  <testcase classname="PoppleTestCases.CaptureAndParsingHarFileForPixPngTest" name="CheckfpValue" time="0.04"/>
  <testcase classname="PoppleTestCases.CaptureAndParsingHarFileForPixPngTest" name="Checkpage_urlValue" time="0.036"/>
  <testcase classname="PoppleTestCases.CaptureAndParsingHarFileForPixPngTest" name="Checkclient_ipValue" time="0.037"/>
  <testcase classname="PoppleTestCases.CaptureAndParsingHarFileForPixPngTest" name="Checkreferral_domainValue" time="0.034"/>
  <testcase classname="PoppleTestCases.CaptureAndParsingHarFileForPixPngTest" name="Checkdev_sourceValue" time="0.034"/>
  <testcase classname="PoppleTestCases.CaptureAndParsingHarFileForPixPngTest" name="CheckPBValue" time="0.034"/>
  <testcase classname="PoppleTestCases.CaptureAndParsingHarFileForPixPngTest" name="Checkstory_tagsValue" time="0.034"/>
  <testcase classname="PoppleTestCases.CaptureAndParsingHarFileForPixPngTest" name="Checkcurrent_blockValue" time="0.037"/>
  <testcase classname="PoppleTestCases.CaptureAndParsingHarFileForPixPngTest" name="Checktotal_blocksValue" time="0.034"/>
  <testcase classname="PoppleTestCases.CaptureAndParsingHarFileForPixPngTest" name="CheckdomainValue" time="0.037"/>
  <testcase classname="PoppleTestCases.CaptureAndParsingHarFileForPixPngTest" name="CheckadPartnerValue" time="0.038"/>
  <testcase classname="PoppleTestCases.CaptureAndParsingHarFileForPixPngTest" name="CheckadblockerValue" time="0.039"/>
  <testcase classname="PoppleTestCases.CaptureAndParsingHarFileForPixPngTest" name="CheckofcValue" time="0.041"/>
  <testcase classname="PoppleTestCases.CaptureAndParsingHarFileForPixPngTest" name="Checktotal_adsValue" time="0.036"/>
  <testcase classname="PoppleTestCases.CaptureAndParsingHarFileForPixPngTest" name="Checktree_idValue" time="0.037"/>
  <testcase classname="PoppleTestCases.CaptureAndParsingHarFileForPixPngTest" name="CheckussValue" time="0.033"/>
  <testcase classname="PoppleTestCases.CaptureAndParsingHarFileForPixPngTest" name="CheckpidValue" time="0.049"/>
  <testcase classname="PoppleTestCases.CaptureAndParsingHarFileForPixPngTest" name="Checkinit_story_idValue" time="0.04"/>
  <testcase classname="PoppleTestCases.CatagoriesPageTestCasesTest" name="ClickHamburgerMenu" time="1.583"/>
  <testcase classname="PoppleTestCases.CatagoriesPageTestCasesTest" name="CheckPositiveCata" time="1.082"/>
  <testcase classname="PoppleTestCases.CatagoriesPageTestCasesTest" name="CheckPopularCata" time="1.046"/>
  <testcase classname="PoppleTestCases.CatagoriesPageTestCasesTest" name="CheckpeopleCata" time="1.047"/>
  <testcase classname="PoppleTestCases.CatagoriesPageTestCasesTest" name="CheckVideoLink" time="1.043"/>
  <testcase classname="PoppleTestCases.CatagoriesPageTestCasesTest" name="CheckQuizLink" time="1.049"/>
  <testcase classname="PoppleTestCases.CatagoriesPageTestCasesTest" name="CheckPositivePage" time="2.4"/>
  <testcase classname="PoppleTestCases.CatagoriesPageTestCasesTest" name="CheckPopularPage" time="2.482"/>
  <testcase classname="PoppleTestCases.CatagoriesPageTestCasesTest" name="CheckPeoplePage" time="2.316"/>
  <testcase classname="PoppleTestCases.CatagoriesPageTestCasesTest" name="CheckVideoPage" time="2.381"/>
  <testcase classname="PoppleTestCases.CatagoriesPageTestCasesTest" name="CheckQuizPage" time="2.243"/>
  <testcase classname="PoppleTestCases.FooterOptionTestCasesTest" name="ClickHamburgerMenu" time="0.605"/>
  <testcase classname="PoppleTestCases.FooterOptionTestCasesTest" name="CheckAbutUsLink" time="0.028"/>
  <testcase classname="PoppleTestCases.FooterOptionTestCasesTest" name="CheckTermsOfUseLink" time="0.025"/>
  <testcase classname="PoppleTestCases.FooterOptionTestCasesTest" name="CheckPrivacyPolicyLink" time="0.021"/>
  <testcase classname="PoppleTestCases.FooterOptionTestCasesTest" name="CheckCantactUsLink" time="0.029"/>
  <testcase classname="PoppleTestCases.FooterOptionTestCasesTest" name="CheckAbutUsPage" time="2.527"/>
  <testcase classname="PoppleTestCases.FooterOptionTestCasesTest" name="CheckTermsOfUsePage" time="2.201"/>
  <testcase classname="PoppleTestCases.FooterOptionTestCasesTest" name="CheckPrivacyPolicyPage" time="2.172"/>
  <testcase classname="PoppleTestCases.FooterOptionTestCasesTest" name="CheckCantactUsPage" time="0.032"/>
  <testcase classname="PoppleTestCases.HomePageTestCasesTest" name="CheckSearchOption" time="0.514"/>
  <testcase classname="PoppleTestCases.HomePageTestCasesTest" name="CheckFacebookLink" time="0.015"/>
  <testcase classname="PoppleTestCases.HomePageTestCasesTest" name="CheckInstaLink" time="5.019"/>
  <testcase classname="PoppleTestCases.HomePageTestCasesTest" name="CheckTwittLink" time="0.015"/>
  <testcase classname="PoppleTestCases.HomePageTestCasesTest" name="CheckYouTubeLink" time="0.014"/>
  <testcase classname="PoppleTestCases.HomePageTestCasesTest" name="CheckSiteLogo" time="0.016"/>
  <testcase classname="PoppleTestCases.HomePageTestCasesTest" name="CheckPositiveCategoriesLink" time="0.014"/>
  <testcase classname="PoppleTestCases.HomePageTestCasesTest" name="CheckpopularCategoriesLink" time="0.019"/>
  <testcase classname="PoppleTestCases.HomePageTestCasesTest" name="CheckPeopleCategoriesLink" time="0.019"/>
  <testcase classname="PoppleTestCases.HomePageTestCasesTest" name="CheckVideosLink" time="0.019"/>
  <testcase classname="PoppleTestCases.HomePageTestCasesTest" name="CheckQuizLink" time="0.015"/>
  <testcase classname="PoppleTestCases.HomePageTestCasesTest" name="CheckFeaturedPostImage" time="0.018"/>
  <testcase classname="PoppleTestCases.HomePageTestCasesTest" name="CheckFeaturedPostTitle" time="0.021"/>
  <testcase classname="PoppleTestCases.HomePageTestCasesTest" name="CheckFeaturedPostAuthor" time="0.017"/>
  <testcase classname="PoppleTestCases.HomePageTestCasesTest" name="CheckSecondPostImage" time="0.019"/>
  <testcase classname="PoppleTestCases.HomePageTestCasesTest" name="CheckSecondPostTitle" time="0.015"/>
  <testcase classname="PoppleTestCases.HomePageTestCasesTest" name="CheckSecondPostAuthor" time="0.019"/>
  <testcase classname="PoppleTestCases.HomePageTestCasesTest" name="CheckThirdPostImage" time="0.02"/>
  <testcase classname="PoppleTestCases.HomePageTestCasesTest" name="CheckThirdPostTitle" time="0.017"/>
  <testcase classname="PoppleTestCases.HomePageTestCasesTest" name="CheckThirdPostAuthor" time="0.017"/>
  <testcase classname="PoppleTestCases.HomePageTestCasesTest" name="CheckLatestStoryImage" time="0.016"/>
  <testcase classname="PoppleTestCases.HomePageTestCasesTest" name="CheckLatestStoryTitle" time="0.016"/>
  <testcase classname="PoppleTestCases.HomePageTestCasesTest" name="CheckLatestStoryAuthor" time="1.042"/>
  <testcase classname="PoppleTestCases.HomePageTestCasesTest" name="CheckTheVideo1" time="1.044"/>
  <testcase classname="PoppleTestCases.HomePageTestCasesTest" name="Checkvideo2" time="1.049"/>
  <testcase classname="PoppleTestCases.HomePageTestCasesTest" name="CheckQuizeFeedImage" time="1.043"/>
  <testcase classname="PoppleTestCases.HomePageTestCasesTest" name="CheckQuizefeedTitle" time="1.051"/>
  <testcase classname="PoppleTestCases.HomePageTestCasesTest" name="QuizeFeedAuthor" time="1.04"/>
  <testcase classname="PoppleTestCases.HomePageTestCasesTest" name="CheckEatSleepReadReaptImage" time="1.046"/>
  <testcase classname="PoppleTestCases.HomePageTestCasesTest" name="CheckEatSleepReadReaptTitle" time="1.049"/>
  <testcase classname="PoppleTestCases.HomePageTestCasesTest" name="CheckEatSleepReadReaptAuthor" time="1.104"/>
  <testcase classname="PoppleTestCases.SearchPageTestCasesTest" name="ClickSearchOption" time="3.935"/>
  <testcase classname="PoppleTestCases.SearchPageTestCasesTest" name="CheckSearchHeader" time="0.037"/>
  <testcase classname="PoppleTestCases.SearchPageTestCasesTest" name="CheckSearchedStoryImage" time="0.027"/>
  <testcase classname="PoppleTestCases.SearchPageTestCasesTest" name="CheckSearchedStoryTitle" time="0.015"/>
  <testcase classname="PoppleTestCases.StoryPageTestCasesTest" name="OpenStoryPage" time="2.402"/>
  <testcase classname="PoppleTestCases.StoryPageTestCasesTest" name="CheckAdvertisementFrame" time="0.151"/>
  <testcase classname="PoppleTestCases.StoryPageTestCasesTest" name="CheckStoryFirstImage" time="0.057"/>
  <testcase classname="PoppleTestCases.StoryPageTestCasesTest" name="CheckStoryAuthor" time="1.174"/>
  <testcase classname="PoppleTestCases.StoryPageTestCasesTest" name="CheckStoryTitle" time="1.308"/>
  <testcase classname="PoppleTestCases.StoryPageTestCasesTest" name="CheckStoryDesc" time="1.064"/>
  <testcase classname="PoppleTestCases.StoryPageTestCasesTest" name="CheckStoryShares" time="1.067"/>
  <testcase classname="PoppleTestCases.StoryPageTestCasesTest" name="CheckStoryShareOptions" time="1.231"/>
  <testcase classname="PoppleTestCases.StoryPageTestCasesTest" name="CheckStoryContent" time="1.08"/>
  <testcase classname="PoppleTestCases.UserProfileTestCasesTest" name="ClickAuthorName" time="1.351"/>
  <testcase classname="PoppleTestCases.UserProfileTestCasesTest" name="CheckBackgroundImage" time="0.035"/>
  <testcase classname="PoppleTestCases.UserProfileTestCasesTest" name="CheckAuthorName" time="0.019"/>
  <testcase classname="PoppleTestCases.UserProfileTestCasesTest" name="CheckAuthorImage" time="0.018"/>
  <testcase classname="PoppleTestCases.UserProfileTestCasesTest" name="CheckWriterName" time="0.015"/>
  <testcase classname="PoppleTestCases.UserProfileTestCasesTest" name="CheckEditor" time="0.024"/>
  <testcase classname="PoppleTestCases.UserProfileTestCasesTest" name="CheckProfileDesc" time="0.02"/>
  <testcase classname="PoppleTestCases.UserProfileTestCasesTest" name="CheckDontMissThisStory" time="0.013"/>
  <testcase classname="PoppleTestCases.UserProfileTestCasesTest" name="LatestStories" time="0.015"/>
  <testcase classname="PoppleTestCases.TagstestcasesTest" name="CheckSearchOption" time="0.614"/>
  <testcase classname="PoppleTestCases.TagstestcasesTest" name="CheckSearchTags" time="0.021"/>
</testsuite>