<?xml version="1.0" encoding="UTF-8"?>
<!-- Generated by org.testng.reporters.JUnitReportReporter -->
<testsuite hostname="wittyfeed-Vostro-3558" name="PoppleTestCases.StoryPageTestCasesTest" tests="9" failures="0" timestamp="10 Dec 2018 13:08:53 GMT" time="18.892" errors="0">
  <testcase name="CheckStoryFirstImage" time="0.046" classname="PoppleTestCases.StoryPageTestCasesTest"/>
  <testcase name="OpenStoryPage" time="10.456" classname="PoppleTestCases.StoryPageTestCasesTest"/>
  <testcase name="CheckStoryShareOptions" time="1.194" classname="PoppleTestCases.StoryPageTestCasesTest"/>
  <testcase name="CheckStoryAuthor" time="1.201" classname="PoppleTestCases.StoryPageTestCasesTest"/>
  <testcase name="CheckStoryDesc" time="1.309" classname="PoppleTestCases.StoryPageTestCasesTest"/>
  <testcase name="CheckAdvertisementFrame" time="0.042" classname="PoppleTestCases.StoryPageTestCasesTest"/>
  <testcase name="CheckStoryTitle" time="2.503" classname="PoppleTestCases.StoryPageTestCasesTest"/>
  <testcase name="CheckStoryContent" time="1.069" classname="PoppleTestCases.StoryPageTestCasesTest"/>
  <testcase name="CheckStoryShares" time="1.072" classname="PoppleTestCases.StoryPageTestCasesTest"/>
</testsuite>
