<?xml version="1.0" encoding="UTF-8"?>
<!-- Generated by org.testng.reporters.JUnitReportReporter -->
<testsuite hostname="wittyfeed-Vostro-3558" name="PoppleTestCases.SearchPageTestCasesTest" tests="4" failures="0" timestamp="10 Dec 2018 13:08:53 GMT" time="7.504" errors="0">
  <testcase name="CheckSearchHeader" time="0.023" classname="PoppleTestCases.SearchPageTestCasesTest"/>
  <testcase name="CheckSearchedStoryTitle" time="0.021" classname="PoppleTestCases.SearchPageTestCasesTest"/>
  <testcase name="ClickSearchOption" time="7.437" classname="PoppleTestCases.SearchPageTestCasesTest"/>
  <testcase name="CheckSearchedStoryImage" time="0.023" classname="PoppleTestCases.SearchPageTestCasesTest"/>
</testsuite>
