<?xml version="1.0" encoding="UTF-8"?>
<!-- Generated by org.testng.reporters.JUnitReportReporter -->
<testsuite hostname="wittyfeed-Vostro-3558" name="PoppleTestCases.FooterOptionTestCasesTest" tests="9" failures="0" timestamp="10 Dec 2018 13:08:53 GMT" time="16.143" errors="0">
  <testcase name="ClickHamburgerMenu" time="1.932" classname="PoppleTestCases.FooterOptionTestCasesTest"/>
  <testcase name="CheckCantactUsLink" time="0.030" classname="PoppleTestCases.FooterOptionTestCasesTest"/>
  <testcase name="CheckTermsOfUsePage" time="4.654" classname="PoppleTestCases.FooterOptionTestCasesTest"/>
  <testcase name="CheckPrivacyPolicyLink" time="0.028" classname="PoppleTestCases.FooterOptionTestCasesTest"/>
  <testcase name="CheckPrivacyPolicyPage" time="4.699" classname="PoppleTestCases.FooterOptionTestCasesTest"/>
  <testcase name="CheckTermsOfUseLink" time="0.031" classname="PoppleTestCases.FooterOptionTestCasesTest"/>
  <testcase name="CheckCantactUsPage" time="0.032" classname="PoppleTestCases.FooterOptionTestCasesTest"/>
  <testcase name="CheckAbutUsLink" time="0.039" classname="PoppleTestCases.FooterOptionTestCasesTest"/>
  <testcase name="CheckAbutUsPage" time="4.698" classname="PoppleTestCases.FooterOptionTestCasesTest"/>
</testsuite>
