<?xml version="1.0" encoding="UTF-8"?>
<!-- Generated by org.testng.reporters.JUnitReportReporter -->
<testsuite hostname="wittyfeed-Vostro-3558" name="PoppleTestCases.HomePageTestCasesTest" tests="31" failures="0" timestamp="10 Dec 2018 13:08:53 GMT" time="16.905" errors="0">
  <testcase name="CheckTwittLink" time="0.021" classname="PoppleTestCases.HomePageTestCasesTest"/>
  <testcase name="CheckYouTubeLink" time="0.022" classname="PoppleTestCases.HomePageTestCasesTest"/>
  <testcase name="CheckEatSleepReadReaptAuthor" time="1.055" classname="PoppleTestCases.HomePageTestCasesTest"/>
  <testcase name="CheckFeaturedPostImage" time="0.023" classname="PoppleTestCases.HomePageTestCasesTest"/>
  <testcase name="CheckSecondPostTitle" time="0.029" classname="PoppleTestCases.HomePageTestCasesTest"/>
  <testcase name="CheckQuizLink" time="0.023" classname="PoppleTestCases.HomePageTestCasesTest"/>
  <testcase name="CheckSiteLogo" time="0.023" classname="PoppleTestCases.HomePageTestCasesTest"/>
  <testcase name="CheckQuizeFeedImage" time="1.052" classname="PoppleTestCases.HomePageTestCasesTest"/>
  <testcase name="CheckLatestStoryAuthor" time="1.062" classname="PoppleTestCases.HomePageTestCasesTest"/>
  <testcase name="CheckpopularCategoriesLink" time="0.023" classname="PoppleTestCases.HomePageTestCasesTest"/>
  <testcase name="CheckFeaturedPostTitle" time="0.023" classname="PoppleTestCases.HomePageTestCasesTest"/>
  <testcase name="CheckLatestStoryImage" time="0.027" classname="PoppleTestCases.HomePageTestCasesTest"/>
  <testcase name="CheckFacebookLink" time="0.022" classname="PoppleTestCases.HomePageTestCasesTest"/>
  <testcase name="CheckEatSleepReadReaptTitle" time="1.058" classname="PoppleTestCases.HomePageTestCasesTest"/>
  <testcase name="QuizeFeedAuthor" time="1.037" classname="PoppleTestCases.HomePageTestCasesTest"/>
  <testcase name="CheckSecondPostImage" time="0.025" classname="PoppleTestCases.HomePageTestCasesTest"/>
  <testcase name="Checkvideo2" time="1.051" classname="PoppleTestCases.HomePageTestCasesTest"/>
  <testcase name="CheckThirdPostTitle" time="0.025" classname="PoppleTestCases.HomePageTestCasesTest"/>
  <testcase name="CheckQuizefeedTitle" time="1.053" classname="PoppleTestCases.HomePageTestCasesTest"/>
  <testcase name="CheckThirdPostAuthor" time="0.024" classname="PoppleTestCases.HomePageTestCasesTest"/>
  <testcase name="CheckSearchOption" time="1.909" classname="PoppleTestCases.HomePageTestCasesTest"/>
  <testcase name="CheckTheVideo1" time="1.063" classname="PoppleTestCases.HomePageTestCasesTest"/>
  <testcase name="CheckVideosLink" time="0.023" classname="PoppleTestCases.HomePageTestCasesTest"/>
  <testcase name="CheckSecondPostAuthor" time="0.026" classname="PoppleTestCases.HomePageTestCasesTest"/>
  <testcase name="CheckPeopleCategoriesLink" time="0.023" classname="PoppleTestCases.HomePageTestCasesTest"/>
  <testcase name="CheckThirdPostImage" time="0.025" classname="PoppleTestCases.HomePageTestCasesTest"/>
  <testcase name="CheckFeaturedPostAuthor" time="0.024" classname="PoppleTestCases.HomePageTestCasesTest"/>
  <testcase name="CheckInstaLink" time="5.027" classname="PoppleTestCases.HomePageTestCasesTest"/>
  <testcase name="CheckPositiveCategoriesLink" time="0.022" classname="PoppleTestCases.HomePageTestCasesTest"/>
  <testcase name="CheckLatestStoryTitle" time="0.026" classname="PoppleTestCases.HomePageTestCasesTest"/>
  <testcase name="CheckEatSleepReadReaptImage" time="1.059" classname="PoppleTestCases.HomePageTestCasesTest"/>
</testsuite>
