<?xml version="1.0" encoding="UTF-8"?>
<!-- Generated by org.testng.reporters.JUnitReportReporter -->
<testsuite hostname="wittyfeed-Vostro-3558" name="PoppleTestCases.CatagoriesPageTestCasesTest" tests="26" failures="0" timestamp="10 Dec 2018 13:08:53 GMT" time="103.853" errors="0">
  <testcase name="CheckLifestylePage" time="4.854" classname="PoppleTestCases.CatagoriesPageTestCasesTest"/>
  <testcase name="CheckPositiveSubCata" time="1.055" classname="PoppleTestCases.CatagoriesPageTestCasesTest"/>
  <testcase name="CheckPositivePage" time="5.403" classname="PoppleTestCases.CatagoriesPageTestCasesTest"/>
  <testcase name="CheckCulturePage" time="4.928" classname="PoppleTestCases.CatagoriesPageTestCasesTest"/>
  <testcase name="CheckDiyPage" time="5.009" classname="PoppleTestCases.CatagoriesPageTestCasesTest"/>
  <testcase name="CheckPopularSubCata" time="1.054" classname="PoppleTestCases.CatagoriesPageTestCasesTest"/>
  <testcase name="CheckTravelPage" time="5.282" classname="PoppleTestCases.CatagoriesPageTestCasesTest"/>
  <testcase name="CheckpeopleSubCata" time="1.060" classname="PoppleTestCases.CatagoriesPageTestCasesTest"/>
  <testcase name="CheckpeopleCata" time="1.056" classname="PoppleTestCases.CatagoriesPageTestCasesTest"/>
  <testcase name="CheckPeoplePage" time="4.926" classname="PoppleTestCases.CatagoriesPageTestCasesTest"/>
  <testcase name="CheckAnimalsPage" time="5.367" classname="PoppleTestCases.CatagoriesPageTestCasesTest"/>
  <testcase name="CheckTechnologyPage" time="5.073" classname="PoppleTestCases.CatagoriesPageTestCasesTest"/>
  <testcase name="CheckQuizPage" time="4.693" classname="PoppleTestCases.CatagoriesPageTestCasesTest"/>
  <testcase name="CheckQuizLink" time="1.051" classname="PoppleTestCases.CatagoriesPageTestCasesTest"/>
  <testcase name="CheckPopularCata" time="1.052" classname="PoppleTestCases.CatagoriesPageTestCasesTest"/>
  <testcase name="ClickHamburgerMenu" time="7.738" classname="PoppleTestCases.CatagoriesPageTestCasesTest"/>
  <testcase name="CheckEntertainmentPage" time="4.934" classname="PoppleTestCases.CatagoriesPageTestCasesTest"/>
  <testcase name="CheckVideoPage" time="6.450" classname="PoppleTestCases.CatagoriesPageTestCasesTest"/>
  <testcase name="CheckPopularPage" time="4.946" classname="PoppleTestCases.CatagoriesPageTestCasesTest"/>
  <testcase name="CheckPositiveCata" time="1.090" classname="PoppleTestCases.CatagoriesPageTestCasesTest"/>
  <testcase name="CheckOpinionPage" time="5.980" classname="PoppleTestCases.CatagoriesPageTestCasesTest"/>
  <testcase name="CheckSportsPage" time="4.996" classname="PoppleTestCases.CatagoriesPageTestCasesTest"/>
  <testcase name="CheckVideoLink" time="1.061" classname="PoppleTestCases.CatagoriesPageTestCasesTest"/>
  <testcase name="CheckHumorPage" time="4.833" classname="PoppleTestCases.CatagoriesPageTestCasesTest"/>
  <testcase name="CheckTerendingPage" time="5.044" classname="PoppleTestCases.CatagoriesPageTestCasesTest"/>
  <testcase name="CheckRelationshipPage" time="4.918" classname="PoppleTestCases.CatagoriesPageTestCasesTest"/>
</testsuite>
