<?xml version="1.0" encoding="UTF-8"?>
<!-- Generated by org.testng.reporters.JUnitReportReporter -->
<testsuite hostname="wittyfeed-Vostro-3558" name="PoppleTestCases.UserProfileTestCasesTest" tests="9" failures="0" timestamp="10 Dec 2018 13:08:53 GMT" time="5.093" errors="0">
  <testcase name="CheckEditor" time="0.029" classname="PoppleTestCases.UserProfileTestCasesTest"/>
  <testcase name="CheckDontMissThisStory" time="0.015" classname="PoppleTestCases.UserProfileTestCasesTest"/>
  <testcase name="CheckWriterName" time="0.014" classname="PoppleTestCases.UserProfileTestCasesTest"/>
  <testcase name="CheckAuthorName" time="0.031" classname="PoppleTestCases.UserProfileTestCasesTest"/>
  <testcase name="CheckProfileDesc" time="0.028" classname="PoppleTestCases.UserProfileTestCasesTest"/>
  <testcase name="CheckAuthorImage" time="0.023" classname="PoppleTestCases.UserProfileTestCasesTest"/>
  <testcase name="LatestStories" time="0.018" classname="PoppleTestCases.UserProfileTestCasesTest"/>
  <testcase name="ClickAuthorName" time="4.902" classname="PoppleTestCases.UserProfileTestCasesTest"/>
  <testcase name="CheckBackgroundImage" time="0.033" classname="PoppleTestCases.UserProfileTestCasesTest"/>
</testsuite>
