<?xml version="1.0" encoding="UTF-8"?>
<!-- Generated by org.testng.reporters.JUnitReportReporter -->
<testsuite hostname="ip-10-1-1-254" name="WittyFeedTestCases.WittyFeedFooterOptionTestCasesTest" tests="9" failures="0" timestamp="21 Dec 2018 09:18:31 GMT" time="6.165" errors="0">
  <testcase name="CheckAbutUsLink" time="0.019" classname="WittyFeedTestCases.WittyFeedFooterOptionTestCasesTest"/>
  <testcase name="CheckPrivacyPolicyPage" time="1.844" classname="WittyFeedTestCases.WittyFeedFooterOptionTestCasesTest"/>
  <testcase name="ClickHamburgerMenu" time="0.447" classname="WittyFeedTestCases.WittyFeedFooterOptionTestCasesTest"/>
  <testcase name="CheckCantactUsLink" time="0.019" classname="WittyFeedTestCases.WittyFeedFooterOptionTestCasesTest"/>
  <testcase name="CheckPrivacyPolicyLink" time="0.021" classname="WittyFeedTestCases.WittyFeedFooterOptionTestCasesTest"/>
  <testcase name="CheckCantactUsPage" time="0.025" classname="WittyFeedTestCases.WittyFeedFooterOptionTestCasesTest"/>
  <testcase name="CheckTermsOfUseLink" time="0.016" classname="WittyFeedTestCases.WittyFeedFooterOptionTestCasesTest"/>
  <testcase name="CheckAbutUsPage" time="1.876" classname="WittyFeedTestCases.WittyFeedFooterOptionTestCasesTest"/>
  <testcase name="CheckTermsOfUsePage" time="1.898" classname="WittyFeedTestCases.WittyFeedFooterOptionTestCasesTest"/>
</testsuite>
