<?xml version="1.0" encoding="UTF-8"?>
<!-- Generated by org.testng.reporters.JUnitReportReporter -->
<testsuite hostname="ip-10-1-1-254" name="PoppleTestCases.CatagoriesPageTestCasesTest" tests="11" failures="0" timestamp="21 Dec 2018 10:37:23 GMT" time="18.671" errors="0">
  <testcase name="CheckPositivePage" time="2.400" classname="PoppleTestCases.CatagoriesPageTestCasesTest"/>
  <testcase name="CheckQuizLink" time="1.048" classname="PoppleTestCases.CatagoriesPageTestCasesTest"/>
  <testcase name="CheckPositiveCata" time="1.083" classname="PoppleTestCases.CatagoriesPageTestCasesTest"/>
  <testcase name="CheckPeoplePage" time="2.318" classname="PoppleTestCases.CatagoriesPageTestCasesTest"/>
  <testcase name="CheckVideoPage" time="2.382" classname="PoppleTestCases.CatagoriesPageTestCasesTest"/>
  <testcase name="CheckPopularPage" time="2.481" classname="PoppleTestCases.CatagoriesPageTestCasesTest"/>
  <testcase name="CheckPopularCata" time="1.045" classname="PoppleTestCases.CatagoriesPageTestCasesTest"/>
  <testcase name="CheckQuizPage" time="2.242" classname="PoppleTestCases.CatagoriesPageTestCasesTest"/>
  <testcase name="ClickHamburgerMenu" time="1.581" classname="PoppleTestCases.CatagoriesPageTestCasesTest"/>
  <testcase name="CheckpeopleCata" time="1.048" classname="PoppleTestCases.CatagoriesPageTestCasesTest"/>
  <testcase name="CheckVideoLink" time="1.043" classname="PoppleTestCases.CatagoriesPageTestCasesTest"/>
</testsuite>
