<?xml version="1.0" encoding="UTF-8"?>
<!-- Generated by org.testng.reporters.JUnitReportReporter -->
<testsuite hostname="ip-10-1-1-254" name="PoppleTestCases.UserProfileTestCasesTest" tests="9" failures="0" timestamp="21 Dec 2018 10:37:23 GMT" time="1.509" errors="0">
  <testcase name="CheckAuthorName" time="0.020" classname="PoppleTestCases.UserProfileTestCasesTest"/>
  <testcase name="ClickAuthorName" time="1.351" classname="PoppleTestCases.UserProfileTestCasesTest"/>
  <testcase name="CheckAuthorImage" time="0.018" classname="PoppleTestCases.UserProfileTestCasesTest"/>
  <testcase name="CheckBackgroundImage" time="0.034" classname="PoppleTestCases.UserProfileTestCasesTest"/>
  <testcase name="CheckWriterName" time="0.015" classname="PoppleTestCases.UserProfileTestCasesTest"/>
  <testcase name="CheckProfileDesc" time="0.019" classname="PoppleTestCases.UserProfileTestCasesTest"/>
  <testcase name="CheckDontMissThisStory" time="0.013" classname="PoppleTestCases.UserProfileTestCasesTest"/>
  <testcase name="CheckEditor" time="0.024" classname="PoppleTestCases.UserProfileTestCasesTest"/>
  <testcase name="LatestStories" time="0.015" classname="PoppleTestCases.UserProfileTestCasesTest"/>
</testsuite>
