<?xml version="1.0" encoding="UTF-8"?>
<!-- Generated by org.testng.reporters.JUnitReportReporter -->
<testsuite hostname="ip-10-1-1-254" name="PoppleTestCases.StoryPageTestCasesTest" tests="9" failures="0" timestamp="21 Dec 2018 10:37:23 GMT" time="9.535" errors="0">
  <testcase name="CheckStoryFirstImage" time="0.057" classname="PoppleTestCases.StoryPageTestCasesTest"/>
  <testcase name="CheckAdvertisementFrame" time="0.151" classname="PoppleTestCases.StoryPageTestCasesTest"/>
  <testcase name="OpenStoryPage" time="2.402" classname="PoppleTestCases.StoryPageTestCasesTest"/>
  <testcase name="CheckStoryShareOptions" time="1.232" classname="PoppleTestCases.StoryPageTestCasesTest"/>
  <testcase name="CheckStoryContent" time="1.080" classname="PoppleTestCases.StoryPageTestCasesTest"/>
  <testcase name="CheckStoryAuthor" time="1.174" classname="PoppleTestCases.StoryPageTestCasesTest"/>
  <testcase name="CheckStoryDesc" time="1.065" classname="PoppleTestCases.StoryPageTestCasesTest"/>
  <testcase name="CheckStoryShares" time="1.068" classname="PoppleTestCases.StoryPageTestCasesTest"/>
  <testcase name="CheckStoryTitle" time="1.306" classname="PoppleTestCases.StoryPageTestCasesTest"/>
</testsuite>
