<?xml version="1.0" encoding="UTF-8"?>
<!-- Generated by org.testng.reporters.JUnitReportReporter -->
<testsuite hostname="ip-10-1-1-254" name="PoppleTestCases.SearchPageTestCasesTest" tests="4" failures="0" timestamp="21 Dec 2018 10:37:23 GMT" time="4.014" errors="0">
  <testcase name="ClickSearchOption" time="3.935" classname="PoppleTestCases.SearchPageTestCasesTest"/>
  <testcase name="CheckSearchHeader" time="0.036" classname="PoppleTestCases.SearchPageTestCasesTest"/>
  <testcase name="CheckSearchedStoryTitle" time="0.016" classname="PoppleTestCases.SearchPageTestCasesTest"/>
  <testcase name="CheckSearchedStoryImage" time="0.027" classname="PoppleTestCases.SearchPageTestCasesTest"/>
</testsuite>
