<?xml version="1.0" encoding="UTF-8"?>
<!-- Generated by org.testng.reporters.JUnitReportReporter -->
<testsuite hostname="ip-10-1-1-254" name="WittyFeedTestCases.WittyFeedCatagoiesTestCasesTest" tests="33" failures="0" timestamp="21 Dec 2018 09:18:31 GMT" time="48.431" errors="0">
  <testcase name="CheckEntertainmentSubCata" time="1.027" classname="WittyFeedTestCases.WittyFeedCatagoiesTestCasesTest"/>
  <testcase name="CheckOpinionPage" time="1.047" classname="WittyFeedTestCases.WittyFeedCatagoiesTestCasesTest"/>
  <testcase name="CheckSocialImpactLink" time="1.039" classname="WittyFeedTestCases.WittyFeedCatagoiesTestCasesTest"/>
  <testcase name="CheckOpinionLink" time="1.039" classname="WittyFeedTestCases.WittyFeedCatagoiesTestCasesTest"/>
  <testcase name="CheckSocialCelebritiesPage" time="2.046" classname="WittyFeedTestCases.WittyFeedCatagoiesTestCasesTest"/>
  <testcase name="CheckQuizLink" time="1.044" classname="WittyFeedTestCases.WittyFeedCatagoiesTestCasesTest"/>
  <testcase name="CheckGirlingPage" time="1.037" classname="WittyFeedTestCases.WittyFeedCatagoiesTestCasesTest"/>
  <testcase name="CheckQuizPage" time="1.033" classname="WittyFeedTestCases.WittyFeedCatagoiesTestCasesTest"/>
  <testcase name="CheckFashionPage" time="2.021" classname="WittyFeedTestCases.WittyFeedCatagoiesTestCasesTest"/>
  <testcase name="CheckEntertainmentCata" time="1.051" classname="WittyFeedTestCases.WittyFeedCatagoiesTestCasesTest"/>
  <testcase name="CheckBollywoodPage" time="1.984" classname="WittyFeedTestCases.WittyFeedCatagoiesTestCasesTest"/>
  <testcase name="CheckSocialImpactPage" time="1.036" classname="WittyFeedTestCases.WittyFeedCatagoiesTestCasesTest"/>
  <testcase name="CheckNewsSubCata" time="1.040" classname="WittyFeedTestCases.WittyFeedCatagoiesTestCasesTest"/>
  <testcase name="CheckRelationshipPage" time="2.048" classname="WittyFeedTestCases.WittyFeedCatagoiesTestCasesTest"/>
  <testcase name="CheckVideosPage" time="1.038" classname="WittyFeedTestCases.WittyFeedCatagoiesTestCasesTest"/>
  <testcase name="CheckLifeStyleSubCata" time="1.051" classname="WittyFeedTestCases.WittyFeedCatagoiesTestCasesTest"/>
  <testcase name="CheckGirlingLink" time="1.041" classname="WittyFeedTestCases.WittyFeedCatagoiesTestCasesTest"/>
  <testcase name="CheckTravelPage" time="1.900" classname="WittyFeedTestCases.WittyFeedCatagoiesTestCasesTest"/>
  <testcase name="CheckLifeStylePage" time="2.115" classname="WittyFeedTestCases.WittyFeedCatagoiesTestCasesTest"/>
  <testcase name="CheckVideosLink" time="1.039" classname="WittyFeedTestCases.WittyFeedCatagoiesTestCasesTest"/>
  <testcase name="CheckIndiaKaPulsePage" time="1.038" classname="WittyFeedTestCases.WittyFeedCatagoiesTestCasesTest"/>
  <testcase name="CheckPoliticsPage" time="2.190" classname="WittyFeedTestCases.WittyFeedCatagoiesTestCasesTest"/>
  <testcase name="CheckHealthPage" time="2.017" classname="WittyFeedTestCases.WittyFeedCatagoiesTestCasesTest"/>
  <testcase name="CheckNewsCata" time="1.064" classname="WittyFeedTestCases.WittyFeedCatagoiesTestCasesTest"/>
  <testcase name="CheckHollywoodPage" time="1.987" classname="WittyFeedTestCases.WittyFeedCatagoiesTestCasesTest"/>
  <testcase name="CheckIndiaKaPulseLink" time="1.040" classname="WittyFeedTestCases.WittyFeedCatagoiesTestCasesTest"/>
  <testcase name="CheckEntertainmentPage" time="1.948" classname="WittyFeedTestCases.WittyFeedCatagoiesTestCasesTest"/>
  <testcase name="CheckTrendingPage" time="1.979" classname="WittyFeedTestCases.WittyFeedCatagoiesTestCasesTest"/>
  <testcase name="CheckSportsPage" time="1.944" classname="WittyFeedTestCases.WittyFeedCatagoiesTestCasesTest"/>
  <testcase name="CheckNewsPage" time="2.147" classname="WittyFeedTestCases.WittyFeedCatagoiesTestCasesTest"/>
  <testcase name="CheckSocialPage" time="2.029" classname="WittyFeedTestCases.WittyFeedCatagoiesTestCasesTest"/>
  <testcase name="ClickHamburgerMenu" time="1.329" classname="WittyFeedTestCases.WittyFeedCatagoiesTestCasesTest"/>
  <testcase name="CheckLifeStyleCata" time="1.043" classname="WittyFeedTestCases.WittyFeedCatagoiesTestCasesTest"/>
</testsuite>
