<?xml version="1.0" encoding="UTF-8"?>
<!-- Generated by org.testng.reporters.JUnitReportReporter -->
<testsuite hostname="ip-10-1-1-254" name="PoppleTestCases.TagstestcasesTest" tests="2" failures="0" timestamp="21 Dec 2018 10:37:23 GMT" time="0.633" errors="0">
  <testcase name="CheckSearchTags" time="0.019" classname="PoppleTestCases.TagstestcasesTest"/>
  <testcase name="CheckSearchOption" time="0.614" classname="PoppleTestCases.TagstestcasesTest"/>
</testsuite>
