<?xml version="1.0" encoding="UTF-8"?>
<!-- Generated by org.testng.reporters.JUnitReportReporter -->
<testsuite hostname="ip-10-1-1-254" name="PoppleTestCases.FooterOptionTestCasesTest" tests="9" failures="0" timestamp="21 Dec 2018 10:37:23 GMT" time="7.638" errors="0">
  <testcase name="CheckTermsOfUsePage" time="2.199" classname="PoppleTestCases.FooterOptionTestCasesTest"/>
  <testcase name="CheckCantactUsPage" time="0.031" classname="PoppleTestCases.FooterOptionTestCasesTest"/>
  <testcase name="CheckCantactUsLink" time="0.029" classname="PoppleTestCases.FooterOptionTestCasesTest"/>
  <testcase name="ClickHamburgerMenu" time="0.606" classname="PoppleTestCases.FooterOptionTestCasesTest"/>
  <testcase name="CheckAbutUsLink" time="0.029" classname="PoppleTestCases.FooterOptionTestCasesTest"/>
  <testcase name="CheckPrivacyPolicyLink" time="0.020" classname="PoppleTestCases.FooterOptionTestCasesTest"/>
  <testcase name="CheckAbutUsPage" time="2.527" classname="PoppleTestCases.FooterOptionTestCasesTest"/>
  <testcase name="CheckTermsOfUseLink" time="0.025" classname="PoppleTestCases.FooterOptionTestCasesTest"/>
  <testcase name="CheckPrivacyPolicyPage" time="2.172" classname="PoppleTestCases.FooterOptionTestCasesTest"/>
</testsuite>
